\BOOKMARK [1][-]{section.1}{\376\377\000P\000r\000o\000b\000a\000b\000i\000l\000i\000s\000t\000i\000c\000\040\000m\000o\000d\000e\000l\000s}{}% 1
\BOOKMARK [2][-]{subsection.1.1}{\376\377\000A\000n\000\040\000o\000v\000e\000r\000v\000i\000e\000w\000\040\000o\000f\000\040\000p\000r\000o\000b\000a\000b\000i\000l\000i\000s\000t\000i\000c\000\040\000m\000o\000d\000e\000l\000s}{section.1}% 2
\BOOKMARK [2][-]{subsection.1.2}{\376\377\000S\000t\000a\000t\000i\000s\000t\000i\000c\000a\000l\000\040\000d\000e\000c\000i\000s\000i\000o\000n\000\040\000t\000h\000e\000o\000r\000y}{section.1}% 3
\BOOKMARK [1][-]{section.2}{\376\377\000G\000r\000a\000p\000h\000i\000c\000a\000l\000\040\000M\000o\000d\000e\000l\000s}{}% 4
\BOOKMARK [2][-]{subsection.2.1}{\376\377\000I\000n\000t\000r\000o\000d\000u\000c\000t\000i\000o\000n\000\040\000t\000o\000\040\000g\000r\000a\000p\000h\000i\000c\000a\000l\000\040\000m\000o\000d\000e\000l\000s}{section.2}% 5
\BOOKMARK [2][-]{subsection.2.2}{\376\377\000D\000i\000r\000e\000c\000t\000e\000d\000\040\000A\000c\000y\000c\000l\000i\000c\000\040\000G\000r\000a\000p\000h\000i\000c\000a\000l\000\040\000M\000o\000d\000e\000l\000s}{section.2}% 6
\BOOKMARK [2][-]{subsection.2.3}{\376\377\000U\000n\000d\000i\000r\000e\000c\000t\000e\000d\000\040\000G\000r\000a\000p\000h\000i\000c\000a\000l\000\040\000M\000o\000d\000e\000l\000s}{section.2}% 7
\BOOKMARK [1][-]{section.3}{\376\377\000E\000x\000a\000c\000t\000\040\000I\000n\000f\000e\000r\000e\000n\000c\000e}{}% 8
\BOOKMARK [2][-]{subsection.3.1}{\376\377\000I\000n\000t\000r\000o\000d\000u\000c\000t\000i\000o\000n\000\040\000t\000o\000\040\000e\000x\000a\000c\000t\000\040\000i\000n\000f\000e\000r\000e\000n\000c\000e}{section.3}% 9
\BOOKMARK [2][-]{subsection.3.2}{\376\377\000S\000u\000m\000-\000p\000r\000o\000d\000u\000c\000t\000\040\000a\000l\000g\000o\000r\000i\000t\000h\000m}{section.3}% 10
\BOOKMARK [1][-]{section.4}{\376\377\000M\000e\000s\000s\000a\000g\000e\000\040\000p\000a\000s\000s\000i\000n\000g}{}% 11
\BOOKMARK [2][-]{subsection.4.1}{\376\377\000T\000r\000u\000e\000S\000k\000i\000l\000l\000\040\000l\000a\000t\000e\000n\000t\000\040\000v\000a\000r\000i\000a\000b\000l\000e\000\040\000m\000o\000d\000e\000l\000s}{section.4}% 12
\BOOKMARK [2][-]{subsection.4.2}{\376\377\000M\000e\000s\000s\000a\000g\000e\000\040\000P\000a\000s\000s\000i\000n\000g}{section.4}% 13
\BOOKMARK [2][-]{subsection.4.3}{\376\377\000B\000e\000l\000i\000e\000f\000\040\000P\000r\000o\000p\000a\000g\000a\000t\000i\000o\000n\000\040\000o\000n\000\040\000T\000r\000e\000e\000s}{section.4}% 14
\BOOKMARK [1][-]{section.5}{\376\377\000M\000o\000n\000t\000e\000\040\000C\000a\000r\000l\000o\000\040\000M\000e\000t\000h\000o\000d\000s}{}% 15
\BOOKMARK [2][-]{subsection.5.1}{\376\377\000I\000n\000t\000r\000o\000d\000u\000c\000t\000i\000o\000n\000\040\000t\000o\000\040\000M\000o\000n\000t\000e\000\040\000C\000a\000r\000l\000o\000\040\000M\000e\000t\000h\000o\000d\000s}{section.5}% 16
\BOOKMARK [2][-]{subsection.5.2}{\376\377\000T\000h\000r\000e\000e\000\040\000S\000a\000m\000p\000l\000i\000n\000g\000\040\000M\000e\000t\000h\000o\000d\000s}{section.5}% 17
\BOOKMARK [1][-]{section.6}{\376\377\000M\000a\000r\000k\000o\000v\000\040\000C\000h\000a\000i\000n\000\040\000M\000o\000n\000t\000e\000\040\000C\000a\000r\000l\000o}{}% 18
\BOOKMARK [2][-]{subsection.6.1}{\376\377\000I\000n\000t\000r\000o\000d\000u\000c\000t\000i\000o\000n\000\040\000t\000o\000\040\000M\000a\000r\000k\000o\000v\000\040\000C\000h\000a\000i\000n\000s}{section.6}% 19
\BOOKMARK [2][-]{subsection.6.2}{\376\377\000S\000t\000a\000t\000i\000o\000n\000a\000r\000y\000\040\000d\000i\000s\000t\000r\000i\000b\000u\000t\000i\000o\000n\000\040\000o\000f\000\040\000a\000\040\000\050\000h\000o\000m\000o\000n\000g\000e\000n\000e\000o\000u\000s\000\051\000\040\000M\000a\000r\000k\000o\000v\000\040\000C\000h\000a\000i\000n}{section.6}% 20
\BOOKMARK [2][-]{subsection.6.3}{\376\377\000M\000e\000t\000r\000o\000p\000o\000l\000i\000s\000-\000H\000a\000s\000t\000i\000n\000g\000\040\000A\000l\000g\000o\000r\000i\000t\000h\000m\000s}{section.6}% 21
\BOOKMARK [2][-]{subsection.6.4}{\376\377\000G\000i\000b\000b\000s\000\040\000S\000a\000m\000p\000l\000i\000g\000n\000\040\000P\000r\000o\000c\000e\000d\000u\000r\000e}{section.6}% 22
\BOOKMARK [2][-]{subsection.6.5}{\376\377\000H\000a\000m\000i\000l\000t\000o\000n\000i\000a\000n\000\040\000M\000o\000n\000t\000e\000\040\000C\000a\000r\000l\000o}{section.6}% 23
\BOOKMARK [2][-]{subsection.6.6}{\376\377\000M\000C\000M\000C\000\040\000D\000i\000a\000g\000n\000o\000s\000t\000i\000c\000s}{section.6}% 24
\BOOKMARK [1][-]{section.7}{\376\377\000H\000i\000d\000d\000e\000n\000\040\000M\000a\000r\000k\000o\000v\000\040\000M\000o\000d\000e\000l\000s}{}% 25
\BOOKMARK [2][-]{subsection.7.1}{\376\377\000I\000n\000t\000r\000o\000d\000u\000c\000t\000i\000o\000n\000\040\000t\000o\000\040\000H\000i\000d\000d\000e\000n\000\040\000M\000a\000r\000k\000o\000v\000\040\000M\000o\000d\000e\000l\000s\000\040\000\050\000C\000h\000a\000i\000n\000s\000\051}{section.7}% 26
\BOOKMARK [2][-]{subsection.7.2}{\376\377\000F\000o\000r\000w\000a\000r\000d\000-\000b\000a\000c\000k\000w\000a\000r\000d\000\040\000a\000l\000g\000o\000r\000i\000t\000h\000m}{section.7}% 27
\BOOKMARK [2][-]{subsection.7.3}{\376\377\000V\000i\000t\000e\000r\000b\000i\000\040\000A\000l\000g\000o\000r\000i\000t\000h\000m}{section.7}% 28
\BOOKMARK [1][-]{section.8}{\376\377\000V\000a\000r\000i\000a\000t\000i\000o\000n\000a\000l\000\040\000I\000n\000f\000e\000r\000e\000n\000c\000e}{}% 29
\BOOKMARK [2][-]{subsection.8.1}{\376\377\000I\000n\000t\000r\000o\000d\000u\000c\000t\000i\000o\000n\000\040\000t\000o\000\040\000V\000a\000r\000i\000a\000t\000i\000o\000n\000a\000l\000\040\000I\000n\000f\000e\000r\000e\000n\000c\000e}{section.8}% 30
\BOOKMARK [2][-]{subsection.8.2}{\376\377\000K\000u\000l\000l\000b\000a\000c\000k\000-\000L\000e\000i\000b\000l\000e\000r\000\040\000d\000i\000v\000e\000r\000g\000e\000n\000c\000e}{section.8}% 31
\BOOKMARK [2][-]{subsection.8.3}{\376\377\000M\000e\000a\000n\000-\000f\000i\000e\000l\000d\000\040\000a\000p\000p\000r\000o\000a\000c\000h}{section.8}% 32
\BOOKMARK [2][-]{subsection.8.4}{\376\377\000E\000v\000i\000d\000e\000n\000c\000e\000\040\000L\000o\000w\000e\000r\000\040\000B\000o\000u\000n\000d\000\040\000\050\000E\000L\000B\000O\000\051}{section.8}% 33
